
2017-06-01 16:40:10
[ERROR]-[Thread: main]-[com.jfinal.core.Config.startPlugins()]: Plugin start error: com.jfinal.plugin.activerecord.ActiveRecordPlugin. 
com.mysql.jdbc.exceptions.jdbc4.MySQLSyntaxErrorException: Table 'pmgo.blog' doesn't exist
com.jfinal.plugin.activerecord.ActiveRecordException: com.mysql.jdbc.exceptions.jdbc4.MySQLSyntaxErrorException: Table 'pmgo.blog' doesn't exist
	at com.jfinal.plugin.activerecord.TableBuilder.build(TableBuilder.java:55)
	at com.jfinal.plugin.activerecord.ActiveRecordPlugin.start(ActiveRecordPlugin.java:218)
	at com.jfinal.core.Config.startPlugins(Config.java:107)
	at com.jfinal.core.Config.configJFinal(Config.java:53)
	at com.jfinal.core.JFinal.init(JFinal.java:63)
	at com.jfinal.core.JFinalFilter.init(JFinalFilter.java:49)
	at org.eclipse.jetty.servlet.FilterHolder.doStart(FilterHolder.java:119)
	at org.eclipse.jetty.util.component.AbstractLifeCycle.start(AbstractLifeCycle.java:64)
	at org.eclipse.jetty.servlet.ServletHandler.initialize(ServletHandler.java:724)
	at org.eclipse.jetty.servlet.ServletContextHandler.startContext(ServletContextHandler.java:265)
	at org.eclipse.jetty.webapp.WebAppContext.startContext(WebAppContext.java:1250)
	at org.eclipse.jetty.server.handler.ContextHandler.doStart(ContextHandler.java:706)
	at org.eclipse.jetty.webapp.WebAppContext.doStart(WebAppContext.java:492)
	at org.eclipse.jetty.util.component.AbstractLifeCycle.start(AbstractLifeCycle.java:64)
	at org.eclipse.jetty.server.handler.HandlerWrapper.doStart(HandlerWrapper.java:95)
	at org.eclipse.jetty.server.Server.doStart(Server.java:277)
	at org.eclipse.jetty.util.component.AbstractLifeCycle.start(AbstractLifeCycle.java:64)
	at com.jfinal.server.JettyServerForIDEA.doStart(JettyServerForIDEA.java:133)
	at com.jfinal.server.JettyServerForIDEA.start(JettyServerForIDEA.java:72)
	at com.jfinal.core.JFinal.start(JFinal.java:171)
	at com.pmgo.common.MainConfig.main(MainConfig.java:40)
Caused by: com.mysql.jdbc.exceptions.jdbc4.MySQLSyntaxErrorException: Table 'pmgo.blog' doesn't exist
	at sun.reflect.NativeConstructorAccessorImpl.newInstance0(Native Method)
	at sun.reflect.NativeConstructorAccessorImpl.newInstance(NativeConstructorAccessorImpl.java:62)
	at sun.reflect.DelegatingConstructorAccessorImpl.newInstance(DelegatingConstructorAccessorImpl.java:45)
	at java.lang.reflect.Constructor.newInstance(Constructor.java:423)
	at com.mysql.jdbc.Util.handleNewInstance(Util.java:411)
	at com.mysql.jdbc.Util.getInstance(Util.java:386)
	at com.mysql.jdbc.SQLError.createSQLException(SQLError.java:1052)
	at com.mysql.jdbc.MysqlIO.checkErrorPacket(MysqlIO.java:4096)
	at com.mysql.jdbc.MysqlIO.checkErrorPacket(MysqlIO.java:4028)
	at com.mysql.jdbc.MysqlIO.sendCommand(MysqlIO.java:2490)
	at com.mysql.jdbc.MysqlIO.sqlQueryDirect(MysqlIO.java:2651)
	at com.mysql.jdbc.ConnectionImpl.execSQL(ConnectionImpl.java:2677)
	at com.mysql.jdbc.ConnectionImpl.execSQL(ConnectionImpl.java:2627)
	at com.mysql.jdbc.StatementImpl.executeQuery(StatementImpl.java:1556)
	at com.alibaba.druid.pool.DruidPooledStatement.executeQuery(DruidPooledStatement.java:140)
	at com.jfinal.plugin.activerecord.TableBuilder.doBuild(TableBuilder.java:71)
	at com.jfinal.plugin.activerecord.TableBuilder.build(TableBuilder.java:47)
	... 20 more

2017-06-01 16:40:10
[ERROR]-[Thread: main]-[com.jfinal.kit.LogKit.error()]: Plugin start error: com.jfinal.plugin.activerecord.ActiveRecordPlugin. 
com.mysql.jdbc.exceptions.jdbc4.MySQLSyntaxErrorException: Table 'pmgo.blog' doesn't exist
java.lang.RuntimeException: Plugin start error: com.jfinal.plugin.activerecord.ActiveRecordPlugin. 
com.mysql.jdbc.exceptions.jdbc4.MySQLSyntaxErrorException: Table 'pmgo.blog' doesn't exist
	at com.jfinal.core.Config.startPlugins(Config.java:116)
	at com.jfinal.core.Config.configJFinal(Config.java:53)
	at com.jfinal.core.JFinal.init(JFinal.java:63)
	at com.jfinal.core.JFinalFilter.init(JFinalFilter.java:49)
	at org.eclipse.jetty.servlet.FilterHolder.doStart(FilterHolder.java:119)
	at org.eclipse.jetty.util.component.AbstractLifeCycle.start(AbstractLifeCycle.java:64)
	at org.eclipse.jetty.servlet.ServletHandler.initialize(ServletHandler.java:724)
	at org.eclipse.jetty.servlet.ServletContextHandler.startContext(ServletContextHandler.java:265)
	at org.eclipse.jetty.webapp.WebAppContext.startContext(WebAppContext.java:1250)
	at org.eclipse.jetty.server.handler.ContextHandler.doStart(ContextHandler.java:706)
	at org.eclipse.jetty.webapp.WebAppContext.doStart(WebAppContext.java:492)
	at org.eclipse.jetty.util.component.AbstractLifeCycle.start(AbstractLifeCycle.java:64)
	at org.eclipse.jetty.server.handler.HandlerWrapper.doStart(HandlerWrapper.java:95)
	at org.eclipse.jetty.server.Server.doStart(Server.java:277)
	at org.eclipse.jetty.util.component.AbstractLifeCycle.start(AbstractLifeCycle.java:64)
	at com.jfinal.server.JettyServerForIDEA.doStart(JettyServerForIDEA.java:133)
	at com.jfinal.server.JettyServerForIDEA.start(JettyServerForIDEA.java:72)
	at com.jfinal.core.JFinal.start(JFinal.java:171)
	at com.pmgo.common.MainConfig.main(MainConfig.java:40)
Caused by: com.jfinal.plugin.activerecord.ActiveRecordException: com.mysql.jdbc.exceptions.jdbc4.MySQLSyntaxErrorException: Table 'pmgo.blog' doesn't exist
	at com.jfinal.plugin.activerecord.TableBuilder.build(TableBuilder.java:55)
	at com.jfinal.plugin.activerecord.ActiveRecordPlugin.start(ActiveRecordPlugin.java:218)
	at com.jfinal.core.Config.startPlugins(Config.java:107)
	... 18 more
Caused by: com.mysql.jdbc.exceptions.jdbc4.MySQLSyntaxErrorException: Table 'pmgo.blog' doesn't exist
	at sun.reflect.NativeConstructorAccessorImpl.newInstance0(Native Method)
	at sun.reflect.NativeConstructorAccessorImpl.newInstance(NativeConstructorAccessorImpl.java:62)
	at sun.reflect.DelegatingConstructorAccessorImpl.newInstance(DelegatingConstructorAccessorImpl.java:45)
	at java.lang.reflect.Constructor.newInstance(Constructor.java:423)
	at com.mysql.jdbc.Util.handleNewInstance(Util.java:411)
	at com.mysql.jdbc.Util.getInstance(Util.java:386)
	at com.mysql.jdbc.SQLError.createSQLException(SQLError.java:1052)
	at com.mysql.jdbc.MysqlIO.checkErrorPacket(MysqlIO.java:4096)
	at com.mysql.jdbc.MysqlIO.checkErrorPacket(MysqlIO.java:4028)
	at com.mysql.jdbc.MysqlIO.sendCommand(MysqlIO.java:2490)
	at com.mysql.jdbc.MysqlIO.sqlQueryDirect(MysqlIO.java:2651)
	at com.mysql.jdbc.ConnectionImpl.execSQL(ConnectionImpl.java:2677)
	at com.mysql.jdbc.ConnectionImpl.execSQL(ConnectionImpl.java:2627)
	at com.mysql.jdbc.StatementImpl.executeQuery(StatementImpl.java:1556)
	at com.alibaba.druid.pool.DruidPooledStatement.executeQuery(DruidPooledStatement.java:140)
	at com.jfinal.plugin.activerecord.TableBuilder.doBuild(TableBuilder.java:71)
	at com.jfinal.plugin.activerecord.TableBuilder.build(TableBuilder.java:47)
	... 20 more

2017-06-01 20:49:05
[ERROR]-[Thread: main]-[com.alibaba.druid.pool.DruidDataSource.init()]: init datasource error, url: jdbc:mysql://localhost/pmgo?characterEncoding=utf8&zeroDateTimeBehavior=convertToNull
com.mysql.jdbc.exceptions.jdbc4.MySQLSyntaxErrorException: Unknown database 'pmgo'
	at sun.reflect.NativeConstructorAccessorImpl.newInstance0(Native Method)
	at sun.reflect.NativeConstructorAccessorImpl.newInstance(NativeConstructorAccessorImpl.java:62)
	at sun.reflect.DelegatingConstructorAccessorImpl.newInstance(DelegatingConstructorAccessorImpl.java:45)
	at java.lang.reflect.Constructor.newInstance(Constructor.java:423)
	at com.mysql.jdbc.Util.handleNewInstance(Util.java:411)
	at com.mysql.jdbc.Util.getInstance(Util.java:386)
	at com.mysql.jdbc.SQLError.createSQLException(SQLError.java:1052)
	at com.mysql.jdbc.MysqlIO.checkErrorPacket(MysqlIO.java:4096)
	at com.mysql.jdbc.MysqlIO.checkErrorPacket(MysqlIO.java:4028)
	at com.mysql.jdbc.MysqlIO.checkErrorPacket(MysqlIO.java:951)
	at com.mysql.jdbc.MysqlIO.proceedHandshakeWithPluggableAuthentication(MysqlIO.java:1717)
	at com.mysql.jdbc.MysqlIO.doHandshake(MysqlIO.java:1276)
	at com.mysql.jdbc.ConnectionImpl.coreConnect(ConnectionImpl.java:2395)
	at com.mysql.jdbc.ConnectionImpl.connectOneTryOnly(ConnectionImpl.java:2428)
	at com.mysql.jdbc.ConnectionImpl.createNewIO(ConnectionImpl.java:2213)
	at com.mysql.jdbc.ConnectionImpl.<init>(ConnectionImpl.java:797)
	at com.mysql.jdbc.JDBC4Connection.<init>(JDBC4Connection.java:47)
	at sun.reflect.NativeConstructorAccessorImpl.newInstance0(Native Method)
	at sun.reflect.NativeConstructorAccessorImpl.newInstance(NativeConstructorAccessorImpl.java:62)
	at sun.reflect.DelegatingConstructorAccessorImpl.newInstance(DelegatingConstructorAccessorImpl.java:45)
	at java.lang.reflect.Constructor.newInstance(Constructor.java:423)
	at com.mysql.jdbc.Util.handleNewInstance(Util.java:411)
	at com.mysql.jdbc.ConnectionImpl.getInstance(ConnectionImpl.java:389)
	at com.mysql.jdbc.NonRegisteringDriver.connect(NonRegisteringDriver.java:305)
	at com.alibaba.druid.pool.DruidAbstractDataSource.createPhysicalConnection(DruidAbstractDataSource.java:1461)
	at com.alibaba.druid.pool.DruidAbstractDataSource.createPhysicalConnection(DruidAbstractDataSource.java:1525)
	at com.alibaba.druid.pool.DruidDataSource.init(DruidDataSource.java:734)
	at com.alibaba.druid.pool.DruidDataSource.getConnection(DruidDataSource.java:1060)
	at com.alibaba.druid.pool.DruidDataSource.getConnection(DruidDataSource.java:1056)
	at com.alibaba.druid.pool.DruidDataSource.getConnection(DruidDataSource.java:104)
	at com.jfinal.plugin.activerecord.TableBuilder.build(TableBuilder.java:43)
	at com.jfinal.plugin.activerecord.ActiveRecordPlugin.start(ActiveRecordPlugin.java:218)
	at com.jfinal.core.Config.startPlugins(Config.java:107)
	at com.jfinal.core.Config.configJFinal(Config.java:53)
	at com.jfinal.core.JFinal.init(JFinal.java:63)
	at com.jfinal.core.JFinalFilter.init(JFinalFilter.java:49)
	at org.eclipse.jetty.servlet.FilterHolder.doStart(FilterHolder.java:119)
	at org.eclipse.jetty.util.component.AbstractLifeCycle.start(AbstractLifeCycle.java:64)
	at org.eclipse.jetty.servlet.ServletHandler.initialize(ServletHandler.java:724)
	at org.eclipse.jetty.servlet.ServletContextHandler.startContext(ServletContextHandler.java:265)
	at org.eclipse.jetty.webapp.WebAppContext.startContext(WebAppContext.java:1250)
	at org.eclipse.jetty.server.handler.ContextHandler.doStart(ContextHandler.java:706)
	at org.eclipse.jetty.webapp.WebAppContext.doStart(WebAppContext.java:492)
	at org.eclipse.jetty.util.component.AbstractLifeCycle.start(AbstractLifeCycle.java:64)
	at org.eclipse.jetty.server.handler.HandlerWrapper.doStart(HandlerWrapper.java:95)
	at org.eclipse.jetty.server.Server.doStart(Server.java:277)
	at org.eclipse.jetty.util.component.AbstractLifeCycle.start(AbstractLifeCycle.java:64)
	at com.jfinal.server.JettyServerForIDEA.doStart(JettyServerForIDEA.java:133)
	at com.jfinal.server.JettyServerForIDEA.start(JettyServerForIDEA.java:72)
	at com.jfinal.core.JFinal.start(JFinal.java:171)
	at com.pmgo.common.MainConfig.main(MainConfig.java:40)

2017-06-01 20:49:05
[ERROR]-[Thread: main]-[com.alibaba.druid.pool.DruidDataSource.init()]: {dataSource-1} init error
com.mysql.jdbc.exceptions.jdbc4.MySQLSyntaxErrorException: Unknown database 'pmgo'
	at sun.reflect.NativeConstructorAccessorImpl.newInstance0(Native Method)
	at sun.reflect.NativeConstructorAccessorImpl.newInstance(NativeConstructorAccessorImpl.java:62)
	at sun.reflect.DelegatingConstructorAccessorImpl.newInstance(DelegatingConstructorAccessorImpl.java:45)
	at java.lang.reflect.Constructor.newInstance(Constructor.java:423)
	at com.mysql.jdbc.Util.handleNewInstance(Util.java:411)
	at com.mysql.jdbc.Util.getInstance(Util.java:386)
	at com.mysql.jdbc.SQLError.createSQLException(SQLError.java:1052)
	at com.mysql.jdbc.MysqlIO.checkErrorPacket(MysqlIO.java:4096)
	at com.mysql.jdbc.MysqlIO.checkErrorPacket(MysqlIO.java:4028)
	at com.mysql.jdbc.MysqlIO.checkErrorPacket(MysqlIO.java:951)
	at com.mysql.jdbc.MysqlIO.proceedHandshakeWithPluggableAuthentication(MysqlIO.java:1717)
	at com.mysql.jdbc.MysqlIO.doHandshake(MysqlIO.java:1276)
	at com.mysql.jdbc.ConnectionImpl.coreConnect(ConnectionImpl.java:2395)
	at com.mysql.jdbc.ConnectionImpl.connectOneTryOnly(ConnectionImpl.java:2428)
	at com.mysql.jdbc.ConnectionImpl.createNewIO(ConnectionImpl.java:2213)
	at com.mysql.jdbc.ConnectionImpl.<init>(ConnectionImpl.java:797)
	at com.mysql.jdbc.JDBC4Connection.<init>(JDBC4Connection.java:47)
	at sun.reflect.NativeConstructorAccessorImpl.newInstance0(Native Method)
	at sun.reflect.NativeConstructorAccessorImpl.newInstance(NativeConstructorAccessorImpl.java:62)
	at sun.reflect.DelegatingConstructorAccessorImpl.newInstance(DelegatingConstructorAccessorImpl.java:45)
	at java.lang.reflect.Constructor.newInstance(Constructor.java:423)
	at com.mysql.jdbc.Util.handleNewInstance(Util.java:411)
	at com.mysql.jdbc.ConnectionImpl.getInstance(ConnectionImpl.java:389)
	at com.mysql.jdbc.NonRegisteringDriver.connect(NonRegisteringDriver.java:305)
	at com.alibaba.druid.pool.DruidAbstractDataSource.createPhysicalConnection(DruidAbstractDataSource.java:1461)
	at com.alibaba.druid.pool.DruidAbstractDataSource.createPhysicalConnection(DruidAbstractDataSource.java:1525)
	at com.alibaba.druid.pool.DruidDataSource.init(DruidDataSource.java:734)
	at com.alibaba.druid.pool.DruidDataSource.getConnection(DruidDataSource.java:1060)
	at com.alibaba.druid.pool.DruidDataSource.getConnection(DruidDataSource.java:1056)
	at com.alibaba.druid.pool.DruidDataSource.getConnection(DruidDataSource.java:104)
	at com.jfinal.plugin.activerecord.TableBuilder.build(TableBuilder.java:43)
	at com.jfinal.plugin.activerecord.ActiveRecordPlugin.start(ActiveRecordPlugin.java:218)
	at com.jfinal.core.Config.startPlugins(Config.java:107)
	at com.jfinal.core.Config.configJFinal(Config.java:53)
	at com.jfinal.core.JFinal.init(JFinal.java:63)
	at com.jfinal.core.JFinalFilter.init(JFinalFilter.java:49)
	at org.eclipse.jetty.servlet.FilterHolder.doStart(FilterHolder.java:119)
	at org.eclipse.jetty.util.component.AbstractLifeCycle.start(AbstractLifeCycle.java:64)
	at org.eclipse.jetty.servlet.ServletHandler.initialize(ServletHandler.java:724)
	at org.eclipse.jetty.servlet.ServletContextHandler.startContext(ServletContextHandler.java:265)
	at org.eclipse.jetty.webapp.WebAppContext.startContext(WebAppContext.java:1250)
	at org.eclipse.jetty.server.handler.ContextHandler.doStart(ContextHandler.java:706)
	at org.eclipse.jetty.webapp.WebAppContext.doStart(WebAppContext.java:492)
	at org.eclipse.jetty.util.component.AbstractLifeCycle.start(AbstractLifeCycle.java:64)
	at org.eclipse.jetty.server.handler.HandlerWrapper.doStart(HandlerWrapper.java:95)
	at org.eclipse.jetty.server.Server.doStart(Server.java:277)
	at org.eclipse.jetty.util.component.AbstractLifeCycle.start(AbstractLifeCycle.java:64)
	at com.jfinal.server.JettyServerForIDEA.doStart(JettyServerForIDEA.java:133)
	at com.jfinal.server.JettyServerForIDEA.start(JettyServerForIDEA.java:72)
	at com.jfinal.core.JFinal.start(JFinal.java:171)
	at com.pmgo.common.MainConfig.main(MainConfig.java:40)

2017-06-01 20:49:05
[ERROR]-[Thread: main]-[com.jfinal.core.Config.startPlugins()]: Plugin start error: com.jfinal.plugin.activerecord.ActiveRecordPlugin. 
com.mysql.jdbc.exceptions.jdbc4.MySQLSyntaxErrorException: Unknown database 'pmgo'
com.jfinal.plugin.activerecord.ActiveRecordException: com.mysql.jdbc.exceptions.jdbc4.MySQLSyntaxErrorException: Unknown database 'pmgo'
	at com.jfinal.plugin.activerecord.TableBuilder.build(TableBuilder.java:55)
	at com.jfinal.plugin.activerecord.ActiveRecordPlugin.start(ActiveRecordPlugin.java:218)
	at com.jfinal.core.Config.startPlugins(Config.java:107)
	at com.jfinal.core.Config.configJFinal(Config.java:53)
	at com.jfinal.core.JFinal.init(JFinal.java:63)
	at com.jfinal.core.JFinalFilter.init(JFinalFilter.java:49)
	at org.eclipse.jetty.servlet.FilterHolder.doStart(FilterHolder.java:119)
	at org.eclipse.jetty.util.component.AbstractLifeCycle.start(AbstractLifeCycle.java:64)
	at org.eclipse.jetty.servlet.ServletHandler.initialize(ServletHandler.java:724)
	at org.eclipse.jetty.servlet.ServletContextHandler.startContext(ServletContextHandler.java:265)
	at org.eclipse.jetty.webapp.WebAppContext.startContext(WebAppContext.java:1250)
	at org.eclipse.jetty.server.handler.ContextHandler.doStart(ContextHandler.java:706)
	at org.eclipse.jetty.webapp.WebAppContext.doStart(WebAppContext.java:492)
	at org.eclipse.jetty.util.component.AbstractLifeCycle.start(AbstractLifeCycle.java:64)
	at org.eclipse.jetty.server.handler.HandlerWrapper.doStart(HandlerWrapper.java:95)
	at org.eclipse.jetty.server.Server.doStart(Server.java:277)
	at org.eclipse.jetty.util.component.AbstractLifeCycle.start(AbstractLifeCycle.java:64)
	at com.jfinal.server.JettyServerForIDEA.doStart(JettyServerForIDEA.java:133)
	at com.jfinal.server.JettyServerForIDEA.start(JettyServerForIDEA.java:72)
	at com.jfinal.core.JFinal.start(JFinal.java:171)
	at com.pmgo.common.MainConfig.main(MainConfig.java:40)
Caused by: com.mysql.jdbc.exceptions.jdbc4.MySQLSyntaxErrorException: Unknown database 'pmgo'
	at sun.reflect.NativeConstructorAccessorImpl.newInstance0(Native Method)
	at sun.reflect.NativeConstructorAccessorImpl.newInstance(NativeConstructorAccessorImpl.java:62)
	at sun.reflect.DelegatingConstructorAccessorImpl.newInstance(DelegatingConstructorAccessorImpl.java:45)
	at java.lang.reflect.Constructor.newInstance(Constructor.java:423)
	at com.mysql.jdbc.Util.handleNewInstance(Util.java:411)
	at com.mysql.jdbc.Util.getInstance(Util.java:386)
	at com.mysql.jdbc.SQLError.createSQLException(SQLError.java:1052)
	at com.mysql.jdbc.MysqlIO.checkErrorPacket(MysqlIO.java:4096)
	at com.mysql.jdbc.MysqlIO.checkErrorPacket(MysqlIO.java:4028)
	at com.mysql.jdbc.MysqlIO.checkErrorPacket(MysqlIO.java:951)
	at com.mysql.jdbc.MysqlIO.proceedHandshakeWithPluggableAuthentication(MysqlIO.java:1717)
	at com.mysql.jdbc.MysqlIO.doHandshake(MysqlIO.java:1276)
	at com.mysql.jdbc.ConnectionImpl.coreConnect(ConnectionImpl.java:2395)
	at com.mysql.jdbc.ConnectionImpl.connectOneTryOnly(ConnectionImpl.java:2428)
	at com.mysql.jdbc.ConnectionImpl.createNewIO(ConnectionImpl.java:2213)
	at com.mysql.jdbc.ConnectionImpl.<init>(ConnectionImpl.java:797)
	at com.mysql.jdbc.JDBC4Connection.<init>(JDBC4Connection.java:47)
	at sun.reflect.NativeConstructorAccessorImpl.newInstance0(Native Method)
	at sun.reflect.NativeConstructorAccessorImpl.newInstance(NativeConstructorAccessorImpl.java:62)
	at sun.reflect.DelegatingConstructorAccessorImpl.newInstance(DelegatingConstructorAccessorImpl.java:45)
	at java.lang.reflect.Constructor.newInstance(Constructor.java:423)
	at com.mysql.jdbc.Util.handleNewInstance(Util.java:411)
	at com.mysql.jdbc.ConnectionImpl.getInstance(ConnectionImpl.java:389)
	at com.mysql.jdbc.NonRegisteringDriver.connect(NonRegisteringDriver.java:305)
	at com.alibaba.druid.pool.DruidAbstractDataSource.createPhysicalConnection(DruidAbstractDataSource.java:1461)
	at com.alibaba.druid.pool.DruidAbstractDataSource.createPhysicalConnection(DruidAbstractDataSource.java:1525)
	at com.alibaba.druid.pool.DruidDataSource.init(DruidDataSource.java:734)
	at com.alibaba.druid.pool.DruidDataSource.getConnection(DruidDataSource.java:1060)
	at com.alibaba.druid.pool.DruidDataSource.getConnection(DruidDataSource.java:1056)
	at com.alibaba.druid.pool.DruidDataSource.getConnection(DruidDataSource.java:104)
	at com.jfinal.plugin.activerecord.TableBuilder.build(TableBuilder.java:43)
	... 20 more

2017-06-01 20:49:05
[ERROR]-[Thread: Druid-ConnectionPool-Create-1849201180]-[com.alibaba.druid.pool.DruidDataSource$CreateConnectionThread.run()]: create connection error, url: jdbc:mysql://localhost/pmgo?characterEncoding=utf8&zeroDateTimeBehavior=convertToNull, errorCode 1049, state 42000
com.mysql.jdbc.exceptions.jdbc4.MySQLSyntaxErrorException: Unknown database 'pmgo'
	at sun.reflect.NativeConstructorAccessorImpl.newInstance0(Native Method)
	at sun.reflect.NativeConstructorAccessorImpl.newInstance(NativeConstructorAccessorImpl.java:62)
	at sun.reflect.DelegatingConstructorAccessorImpl.newInstance(DelegatingConstructorAccessorImpl.java:45)
	at java.lang.reflect.Constructor.newInstance(Constructor.java:423)
	at com.mysql.jdbc.Util.handleNewInstance(Util.java:411)
	at com.mysql.jdbc.Util.getInstance(Util.java:386)
	at com.mysql.jdbc.SQLError.createSQLException(SQLError.java:1052)
	at com.mysql.jdbc.MysqlIO.checkErrorPacket(MysqlIO.java:4096)
	at com.mysql.jdbc.MysqlIO.checkErrorPacket(MysqlIO.java:4028)
	at com.mysql.jdbc.MysqlIO.checkErrorPacket(MysqlIO.java:951)
	at com.mysql.jdbc.MysqlIO.proceedHandshakeWithPluggableAuthentication(MysqlIO.java:1717)
	at com.mysql.jdbc.MysqlIO.doHandshake(MysqlIO.java:1276)
	at com.mysql.jdbc.ConnectionImpl.coreConnect(ConnectionImpl.java:2395)
	at com.mysql.jdbc.ConnectionImpl.connectOneTryOnly(ConnectionImpl.java:2428)
	at com.mysql.jdbc.ConnectionImpl.createNewIO(ConnectionImpl.java:2213)
	at com.mysql.jdbc.ConnectionImpl.<init>(ConnectionImpl.java:797)
	at com.mysql.jdbc.JDBC4Connection.<init>(JDBC4Connection.java:47)
	at sun.reflect.NativeConstructorAccessorImpl.newInstance0(Native Method)
	at sun.reflect.NativeConstructorAccessorImpl.newInstance(NativeConstructorAccessorImpl.java:62)
	at sun.reflect.DelegatingConstructorAccessorImpl.newInstance(DelegatingConstructorAccessorImpl.java:45)
	at java.lang.reflect.Constructor.newInstance(Constructor.java:423)
	at com.mysql.jdbc.Util.handleNewInstance(Util.java:411)
	at com.mysql.jdbc.ConnectionImpl.getInstance(ConnectionImpl.java:389)
	at com.mysql.jdbc.NonRegisteringDriver.connect(NonRegisteringDriver.java:305)
	at com.alibaba.druid.pool.DruidAbstractDataSource.createPhysicalConnection(DruidAbstractDataSource.java:1461)
	at com.alibaba.druid.pool.DruidAbstractDataSource.createPhysicalConnection(DruidAbstractDataSource.java:1525)
	at com.alibaba.druid.pool.DruidDataSource$CreateConnectionThread.run(DruidDataSource.java:2100)

2017-06-01 20:49:05
[ERROR]-[Thread: Druid-ConnectionPool-Create-1849201180]-[com.alibaba.druid.pool.DruidDataSource$CreateConnectionThread.run()]: create connection error, url: jdbc:mysql://localhost/pmgo?characterEncoding=utf8&zeroDateTimeBehavior=convertToNull, errorCode 1049, state 42000
com.mysql.jdbc.exceptions.jdbc4.MySQLSyntaxErrorException: Unknown database 'pmgo'
	at sun.reflect.NativeConstructorAccessorImpl.newInstance0(Native Method)
	at sun.reflect.NativeConstructorAccessorImpl.newInstance(NativeConstructorAccessorImpl.java:62)
	at sun.reflect.DelegatingConstructorAccessorImpl.newInstance(DelegatingConstructorAccessorImpl.java:45)
	at java.lang.reflect.Constructor.newInstance(Constructor.java:423)
	at com.mysql.jdbc.Util.handleNewInstance(Util.java:411)
	at com.mysql.jdbc.Util.getInstance(Util.java:386)
	at com.mysql.jdbc.SQLError.createSQLException(SQLError.java:1052)
	at com.mysql.jdbc.MysqlIO.checkErrorPacket(MysqlIO.java:4096)
	at com.mysql.jdbc.MysqlIO.checkErrorPacket(MysqlIO.java:4028)
	at com.mysql.jdbc.MysqlIO.checkErrorPacket(MysqlIO.java:951)
	at com.mysql.jdbc.MysqlIO.proceedHandshakeWithPluggableAuthentication(MysqlIO.java:1717)
	at com.mysql.jdbc.MysqlIO.doHandshake(MysqlIO.java:1276)
	at com.mysql.jdbc.ConnectionImpl.coreConnect(ConnectionImpl.java:2395)
	at com.mysql.jdbc.ConnectionImpl.connectOneTryOnly(ConnectionImpl.java:2428)
	at com.mysql.jdbc.ConnectionImpl.createNewIO(ConnectionImpl.java:2213)
	at com.mysql.jdbc.ConnectionImpl.<init>(ConnectionImpl.java:797)
	at com.mysql.jdbc.JDBC4Connection.<init>(JDBC4Connection.java:47)
	at sun.reflect.NativeConstructorAccessorImpl.newInstance0(Native Method)
	at sun.reflect.NativeConstructorAccessorImpl.newInstance(NativeConstructorAccessorImpl.java:62)
	at sun.reflect.DelegatingConstructorAccessorImpl.newInstance(DelegatingConstructorAccessorImpl.java:45)
	at java.lang.reflect.Constructor.newInstance(Constructor.java:423)
	at com.mysql.jdbc.Util.handleNewInstance(Util.java:411)
	at com.mysql.jdbc.ConnectionImpl.getInstance(ConnectionImpl.java:389)
	at com.mysql.jdbc.NonRegisteringDriver.connect(NonRegisteringDriver.java:305)
	at com.alibaba.druid.pool.DruidAbstractDataSource.createPhysicalConnection(DruidAbstractDataSource.java:1461)
	at com.alibaba.druid.pool.DruidAbstractDataSource.createPhysicalConnection(DruidAbstractDataSource.java:1525)
	at com.alibaba.druid.pool.DruidDataSource$CreateConnectionThread.run(DruidDataSource.java:2100)

2017-06-01 20:49:05
[ERROR]-[Thread: Druid-ConnectionPool-Create-1849201180]-[com.alibaba.druid.pool.DruidDataSource$CreateConnectionThread.run()]: create connection error, url: jdbc:mysql://localhost/pmgo?characterEncoding=utf8&zeroDateTimeBehavior=convertToNull, errorCode 1049, state 42000
com.mysql.jdbc.exceptions.jdbc4.MySQLSyntaxErrorException: Unknown database 'pmgo'
	at sun.reflect.NativeConstructorAccessorImpl.newInstance0(Native Method)
	at sun.reflect.NativeConstructorAccessorImpl.newInstance(NativeConstructorAccessorImpl.java:62)
	at sun.reflect.DelegatingConstructorAccessorImpl.newInstance(DelegatingConstructorAccessorImpl.java:45)
	at java.lang.reflect.Constructor.newInstance(Constructor.java:423)
	at com.mysql.jdbc.Util.handleNewInstance(Util.java:411)
	at com.mysql.jdbc.Util.getInstance(Util.java:386)
	at com.mysql.jdbc.SQLError.createSQLException(SQLError.java:1052)
	at com.mysql.jdbc.MysqlIO.checkErrorPacket(MysqlIO.java:4096)
	at com.mysql.jdbc.MysqlIO.checkErrorPacket(MysqlIO.java:4028)
	at com.mysql.jdbc.MysqlIO.checkErrorPacket(MysqlIO.java:951)
	at com.mysql.jdbc.MysqlIO.proceedHandshakeWithPluggableAuthentication(MysqlIO.java:1717)
	at com.mysql.jdbc.MysqlIO.doHandshake(MysqlIO.java:1276)
	at com.mysql.jdbc.ConnectionImpl.coreConnect(ConnectionImpl.java:2395)
	at com.mysql.jdbc.ConnectionImpl.connectOneTryOnly(ConnectionImpl.java:2428)
	at com.mysql.jdbc.ConnectionImpl.createNewIO(ConnectionImpl.java:2213)
	at com.mysql.jdbc.ConnectionImpl.<init>(ConnectionImpl.java:797)
	at com.mysql.jdbc.JDBC4Connection.<init>(JDBC4Connection.java:47)
	at sun.reflect.NativeConstructorAccessorImpl.newInstance0(Native Method)
	at sun.reflect.NativeConstructorAccessorImpl.newInstance(NativeConstructorAccessorImpl.java:62)
	at sun.reflect.DelegatingConstructorAccessorImpl.newInstance(DelegatingConstructorAccessorImpl.java:45)
	at java.lang.reflect.Constructor.newInstance(Constructor.java:423)
	at com.mysql.jdbc.Util.handleNewInstance(Util.java:411)
	at com.mysql.jdbc.ConnectionImpl.getInstance(ConnectionImpl.java:389)
	at com.mysql.jdbc.NonRegisteringDriver.connect(NonRegisteringDriver.java:305)
	at com.alibaba.druid.pool.DruidAbstractDataSource.createPhysicalConnection(DruidAbstractDataSource.java:1461)
	at com.alibaba.druid.pool.DruidAbstractDataSource.createPhysicalConnection(DruidAbstractDataSource.java:1525)
	at com.alibaba.druid.pool.DruidDataSource$CreateConnectionThread.run(DruidDataSource.java:2100)

2017-06-01 20:49:05
[ERROR]-[Thread: Druid-ConnectionPool-Create-1849201180]-[com.alibaba.druid.pool.DruidDataSource$CreateConnectionThread.run()]: create connection error, url: jdbc:mysql://localhost/pmgo?characterEncoding=utf8&zeroDateTimeBehavior=convertToNull, errorCode 1049, state 42000
com.mysql.jdbc.exceptions.jdbc4.MySQLSyntaxErrorException: Unknown database 'pmgo'
	at sun.reflect.NativeConstructorAccessorImpl.newInstance0(Native Method)
	at sun.reflect.NativeConstructorAccessorImpl.newInstance(NativeConstructorAccessorImpl.java:62)
	at sun.reflect.DelegatingConstructorAccessorImpl.newInstance(DelegatingConstructorAccessorImpl.java:45)
	at java.lang.reflect.Constructor.newInstance(Constructor.java:423)
	at com.mysql.jdbc.Util.handleNewInstance(Util.java:411)
	at com.mysql.jdbc.Util.getInstance(Util.java:386)
	at com.mysql.jdbc.SQLError.createSQLException(SQLError.java:1052)
	at com.mysql.jdbc.MysqlIO.checkErrorPacket(MysqlIO.java:4096)
	at com.mysql.jdbc.MysqlIO.checkErrorPacket(MysqlIO.java:4028)
	at com.mysql.jdbc.MysqlIO.checkErrorPacket(MysqlIO.java:951)
	at com.mysql.jdbc.MysqlIO.proceedHandshakeWithPluggableAuthentication(MysqlIO.java:1717)
	at com.mysql.jdbc.MysqlIO.doHandshake(MysqlIO.java:1276)
	at com.mysql.jdbc.ConnectionImpl.coreConnect(ConnectionImpl.java:2395)
	at com.mysql.jdbc.ConnectionImpl.connectOneTryOnly(ConnectionImpl.java:2428)
	at com.mysql.jdbc.ConnectionImpl.createNewIO(ConnectionImpl.java:2213)
	at com.mysql.jdbc.ConnectionImpl.<init>(ConnectionImpl.java:797)
	at com.mysql.jdbc.JDBC4Connection.<init>(JDBC4Connection.java:47)
	at sun.reflect.NativeConstructorAccessorImpl.newInstance0(Native Method)
	at sun.reflect.NativeConstructorAccessorImpl.newInstance(NativeConstructorAccessorImpl.java:62)
	at sun.reflect.DelegatingConstructorAccessorImpl.newInstance(DelegatingConstructorAccessorImpl.java:45)
	at java.lang.reflect.Constructor.newInstance(Constructor.java:423)
	at com.mysql.jdbc.Util.handleNewInstance(Util.java:411)
	at com.mysql.jdbc.ConnectionImpl.getInstance(ConnectionImpl.java:389)
	at com.mysql.jdbc.NonRegisteringDriver.connect(NonRegisteringDriver.java:305)
	at com.alibaba.druid.pool.DruidAbstractDataSource.createPhysicalConnection(DruidAbstractDataSource.java:1461)
	at com.alibaba.druid.pool.DruidAbstractDataSource.createPhysicalConnection(DruidAbstractDataSource.java:1525)
	at com.alibaba.druid.pool.DruidDataSource$CreateConnectionThread.run(DruidDataSource.java:2100)

2017-06-01 20:49:05
[ERROR]-[Thread: Druid-ConnectionPool-Create-1849201180]-[com.alibaba.druid.pool.DruidDataSource$CreateConnectionThread.run()]: create connection error, url: jdbc:mysql://localhost/pmgo?characterEncoding=utf8&zeroDateTimeBehavior=convertToNull, errorCode 1049, state 42000
com.mysql.jdbc.exceptions.jdbc4.MySQLSyntaxErrorException: Unknown database 'pmgo'
	at sun.reflect.NativeConstructorAccessorImpl.newInstance0(Native Method)
	at sun.reflect.NativeConstructorAccessorImpl.newInstance(NativeConstructorAccessorImpl.java:62)
	at sun.reflect.DelegatingConstructorAccessorImpl.newInstance(DelegatingConstructorAccessorImpl.java:45)
	at java.lang.reflect.Constructor.newInstance(Constructor.java:423)
	at com.mysql.jdbc.Util.handleNewInstance(Util.java:411)
	at com.mysql.jdbc.Util.getInstance(Util.java:386)
	at com.mysql.jdbc.SQLError.createSQLException(SQLError.java:1052)
	at com.mysql.jdbc.MysqlIO.checkErrorPacket(MysqlIO.java:4096)
	at com.mysql.jdbc.MysqlIO.checkErrorPacket(MysqlIO.java:4028)
	at com.mysql.jdbc.MysqlIO.checkErrorPacket(MysqlIO.java:951)
	at com.mysql.jdbc.MysqlIO.proceedHandshakeWithPluggableAuthentication(MysqlIO.java:1717)
	at com.mysql.jdbc.MysqlIO.doHandshake(MysqlIO.java:1276)
	at com.mysql.jdbc.ConnectionImpl.coreConnect(ConnectionImpl.java:2395)
	at com.mysql.jdbc.ConnectionImpl.connectOneTryOnly(ConnectionImpl.java:2428)
	at com.mysql.jdbc.ConnectionImpl.createNewIO(ConnectionImpl.java:2213)
	at com.mysql.jdbc.ConnectionImpl.<init>(ConnectionImpl.java:797)
	at com.mysql.jdbc.JDBC4Connection.<init>(JDBC4Connection.java:47)
	at sun.reflect.NativeConstructorAccessorImpl.newInstance0(Native Method)
	at sun.reflect.NativeConstructorAccessorImpl.newInstance(NativeConstructorAccessorImpl.java:62)
	at sun.reflect.DelegatingConstructorAccessorImpl.newInstance(DelegatingConstructorAccessorImpl.java:45)
	at java.lang.reflect.Constructor.newInstance(Constructor.java:423)
	at com.mysql.jdbc.Util.handleNewInstance(Util.java:411)
	at com.mysql.jdbc.ConnectionImpl.getInstance(ConnectionImpl.java:389)
	at com.mysql.jdbc.NonRegisteringDriver.connect(NonRegisteringDriver.java:305)
	at com.alibaba.druid.pool.DruidAbstractDataSource.createPhysicalConnection(DruidAbstractDataSource.java:1461)
	at com.alibaba.druid.pool.DruidAbstractDataSource.createPhysicalConnection(DruidAbstractDataSource.java:1525)
	at com.alibaba.druid.pool.DruidDataSource$CreateConnectionThread.run(DruidDataSource.java:2100)

2017-06-01 20:49:05
[ERROR]-[Thread: main]-[com.jfinal.kit.LogKit.error()]: Plugin start error: com.jfinal.plugin.activerecord.ActiveRecordPlugin. 
com.mysql.jdbc.exceptions.jdbc4.MySQLSyntaxErrorException: Unknown database 'pmgo'
java.lang.RuntimeException: Plugin start error: com.jfinal.plugin.activerecord.ActiveRecordPlugin. 
com.mysql.jdbc.exceptions.jdbc4.MySQLSyntaxErrorException: Unknown database 'pmgo'
	at com.jfinal.core.Config.startPlugins(Config.java:116)
	at com.jfinal.core.Config.configJFinal(Config.java:53)
	at com.jfinal.core.JFinal.init(JFinal.java:63)
	at com.jfinal.core.JFinalFilter.init(JFinalFilter.java:49)
	at org.eclipse.jetty.servlet.FilterHolder.doStart(FilterHolder.java:119)
	at org.eclipse.jetty.util.component.AbstractLifeCycle.start(AbstractLifeCycle.java:64)
	at org.eclipse.jetty.servlet.ServletHandler.initialize(ServletHandler.java:724)
	at org.eclipse.jetty.servlet.ServletContextHandler.startContext(ServletContextHandler.java:265)
	at org.eclipse.jetty.webapp.WebAppContext.startContext(WebAppContext.java:1250)
	at org.eclipse.jetty.server.handler.ContextHandler.doStart(ContextHandler.java:706)
	at org.eclipse.jetty.webapp.WebAppContext.doStart(WebAppContext.java:492)
	at org.eclipse.jetty.util.component.AbstractLifeCycle.start(AbstractLifeCycle.java:64)
	at org.eclipse.jetty.server.handler.HandlerWrapper.doStart(HandlerWrapper.java:95)
	at org.eclipse.jetty.server.Server.doStart(Server.java:277)
	at org.eclipse.jetty.util.component.AbstractLifeCycle.start(AbstractLifeCycle.java:64)
	at com.jfinal.server.JettyServerForIDEA.doStart(JettyServerForIDEA.java:133)
	at com.jfinal.server.JettyServerForIDEA.start(JettyServerForIDEA.java:72)
	at com.jfinal.core.JFinal.start(JFinal.java:171)
	at com.pmgo.common.MainConfig.main(MainConfig.java:40)
Caused by: com.jfinal.plugin.activerecord.ActiveRecordException: com.mysql.jdbc.exceptions.jdbc4.MySQLSyntaxErrorException: Unknown database 'pmgo'
	at com.jfinal.plugin.activerecord.TableBuilder.build(TableBuilder.java:55)
	at com.jfinal.plugin.activerecord.ActiveRecordPlugin.start(ActiveRecordPlugin.java:218)
	at com.jfinal.core.Config.startPlugins(Config.java:107)
	... 18 more
Caused by: com.mysql.jdbc.exceptions.jdbc4.MySQLSyntaxErrorException: Unknown database 'pmgo'
	at sun.reflect.NativeConstructorAccessorImpl.newInstance0(Native Method)
	at sun.reflect.NativeConstructorAccessorImpl.newInstance(NativeConstructorAccessorImpl.java:62)
	at sun.reflect.DelegatingConstructorAccessorImpl.newInstance(DelegatingConstructorAccessorImpl.java:45)
	at java.lang.reflect.Constructor.newInstance(Constructor.java:423)
	at com.mysql.jdbc.Util.handleNewInstance(Util.java:411)
	at com.mysql.jdbc.Util.getInstance(Util.java:386)
	at com.mysql.jdbc.SQLError.createSQLException(SQLError.java:1052)
	at com.mysql.jdbc.MysqlIO.checkErrorPacket(MysqlIO.java:4096)
	at com.mysql.jdbc.MysqlIO.checkErrorPacket(MysqlIO.java:4028)
	at com.mysql.jdbc.MysqlIO.checkErrorPacket(MysqlIO.java:951)
	at com.mysql.jdbc.MysqlIO.proceedHandshakeWithPluggableAuthentication(MysqlIO.java:1717)
	at com.mysql.jdbc.MysqlIO.doHandshake(MysqlIO.java:1276)
	at com.mysql.jdbc.ConnectionImpl.coreConnect(ConnectionImpl.java:2395)
	at com.mysql.jdbc.ConnectionImpl.connectOneTryOnly(ConnectionImpl.java:2428)
	at com.mysql.jdbc.ConnectionImpl.createNewIO(ConnectionImpl.java:2213)
	at com.mysql.jdbc.ConnectionImpl.<init>(ConnectionImpl.java:797)
	at com.mysql.jdbc.JDBC4Connection.<init>(JDBC4Connection.java:47)
	at sun.reflect.NativeConstructorAccessorImpl.newInstance0(Native Method)
	at sun.reflect.NativeConstructorAccessorImpl.newInstance(NativeConstructorAccessorImpl.java:62)
	at sun.reflect.DelegatingConstructorAccessorImpl.newInstance(DelegatingConstructorAccessorImpl.java:45)
	at java.lang.reflect.Constructor.newInstance(Constructor.java:423)
	at com.mysql.jdbc.Util.handleNewInstance(Util.java:411)
	at com.mysql.jdbc.ConnectionImpl.getInstance(ConnectionImpl.java:389)
	at com.mysql.jdbc.NonRegisteringDriver.connect(NonRegisteringDriver.java:305)
	at com.alibaba.druid.pool.DruidAbstractDataSource.createPhysicalConnection(DruidAbstractDataSource.java:1461)
	at com.alibaba.druid.pool.DruidAbstractDataSource.createPhysicalConnection(DruidAbstractDataSource.java:1525)
	at com.alibaba.druid.pool.DruidDataSource.init(DruidDataSource.java:734)
	at com.alibaba.druid.pool.DruidDataSource.getConnection(DruidDataSource.java:1060)
	at com.alibaba.druid.pool.DruidDataSource.getConnection(DruidDataSource.java:1056)
	at com.alibaba.druid.pool.DruidDataSource.getConnection(DruidDataSource.java:104)
	at com.jfinal.plugin.activerecord.TableBuilder.build(TableBuilder.java:43)
	... 20 more

2017-06-01 20:49:05
[ERROR]-[Thread: Druid-ConnectionPool-Create-1849201180]-[com.alibaba.druid.pool.DruidDataSource$CreateConnectionThread.run()]: create connection error, url: jdbc:mysql://localhost/pmgo?characterEncoding=utf8&zeroDateTimeBehavior=convertToNull, errorCode 1049, state 42000
com.mysql.jdbc.exceptions.jdbc4.MySQLSyntaxErrorException: Unknown database 'pmgo'
	at sun.reflect.NativeConstructorAccessorImpl.newInstance0(Native Method)
	at sun.reflect.NativeConstructorAccessorImpl.newInstance(NativeConstructorAccessorImpl.java:62)
	at sun.reflect.DelegatingConstructorAccessorImpl.newInstance(DelegatingConstructorAccessorImpl.java:45)
	at java.lang.reflect.Constructor.newInstance(Constructor.java:423)
	at com.mysql.jdbc.Util.handleNewInstance(Util.java:411)
	at com.mysql.jdbc.Util.getInstance(Util.java:386)
	at com.mysql.jdbc.SQLError.createSQLException(SQLError.java:1052)
	at com.mysql.jdbc.MysqlIO.checkErrorPacket(MysqlIO.java:4096)
	at com.mysql.jdbc.MysqlIO.checkErrorPacket(MysqlIO.java:4028)
	at com.mysql.jdbc.MysqlIO.checkErrorPacket(MysqlIO.java:951)
	at com.mysql.jdbc.MysqlIO.proceedHandshakeWithPluggableAuthentication(MysqlIO.java:1717)
	at com.mysql.jdbc.MysqlIO.doHandshake(MysqlIO.java:1276)
	at com.mysql.jdbc.ConnectionImpl.coreConnect(ConnectionImpl.java:2395)
	at com.mysql.jdbc.ConnectionImpl.connectOneTryOnly(ConnectionImpl.java:2428)
	at com.mysql.jdbc.ConnectionImpl.createNewIO(ConnectionImpl.java:2213)
	at com.mysql.jdbc.ConnectionImpl.<init>(ConnectionImpl.java:797)
	at com.mysql.jdbc.JDBC4Connection.<init>(JDBC4Connection.java:47)
	at sun.reflect.NativeConstructorAccessorImpl.newInstance0(Native Method)
	at sun.reflect.NativeConstructorAccessorImpl.newInstance(NativeConstructorAccessorImpl.java:62)
	at sun.reflect.DelegatingConstructorAccessorImpl.newInstance(DelegatingConstructorAccessorImpl.java:45)
	at java.lang.reflect.Constructor.newInstance(Constructor.java:423)
	at com.mysql.jdbc.Util.handleNewInstance(Util.java:411)
	at com.mysql.jdbc.ConnectionImpl.getInstance(ConnectionImpl.java:389)
	at com.mysql.jdbc.NonRegisteringDriver.connect(NonRegisteringDriver.java:305)
	at com.alibaba.druid.pool.DruidAbstractDataSource.createPhysicalConnection(DruidAbstractDataSource.java:1461)
	at com.alibaba.druid.pool.DruidAbstractDataSource.createPhysicalConnection(DruidAbstractDataSource.java:1525)
	at com.alibaba.druid.pool.DruidDataSource$CreateConnectionThread.run(DruidDataSource.java:2100)

2017-06-01 20:49:05
[ERROR]-[Thread: Druid-ConnectionPool-Create-1849201180]-[com.alibaba.druid.pool.DruidDataSource$CreateConnectionThread.run()]: create connection error, url: jdbc:mysql://localhost/pmgo?characterEncoding=utf8&zeroDateTimeBehavior=convertToNull, errorCode 1049, state 42000
com.mysql.jdbc.exceptions.jdbc4.MySQLSyntaxErrorException: Unknown database 'pmgo'
	at sun.reflect.NativeConstructorAccessorImpl.newInstance0(Native Method)
	at sun.reflect.NativeConstructorAccessorImpl.newInstance(NativeConstructorAccessorImpl.java:62)
	at sun.reflect.DelegatingConstructorAccessorImpl.newInstance(DelegatingConstructorAccessorImpl.java:45)
	at java.lang.reflect.Constructor.newInstance(Constructor.java:423)
	at com.mysql.jdbc.Util.handleNewInstance(Util.java:411)
	at com.mysql.jdbc.Util.getInstance(Util.java:386)
	at com.mysql.jdbc.SQLError.createSQLException(SQLError.java:1052)
	at com.mysql.jdbc.MysqlIO.checkErrorPacket(MysqlIO.java:4096)
	at com.mysql.jdbc.MysqlIO.checkErrorPacket(MysqlIO.java:4028)
	at com.mysql.jdbc.MysqlIO.checkErrorPacket(MysqlIO.java:951)
	at com.mysql.jdbc.MysqlIO.proceedHandshakeWithPluggableAuthentication(MysqlIO.java:1717)
	at com.mysql.jdbc.MysqlIO.doHandshake(MysqlIO.java:1276)
	at com.mysql.jdbc.ConnectionImpl.coreConnect(ConnectionImpl.java:2395)
	at com.mysql.jdbc.ConnectionImpl.connectOneTryOnly(ConnectionImpl.java:2428)
	at com.mysql.jdbc.ConnectionImpl.createNewIO(ConnectionImpl.java:2213)
	at com.mysql.jdbc.ConnectionImpl.<init>(ConnectionImpl.java:797)
	at com.mysql.jdbc.JDBC4Connection.<init>(JDBC4Connection.java:47)
	at sun.reflect.NativeConstructorAccessorImpl.newInstance0(Native Method)
	at sun.reflect.NativeConstructorAccessorImpl.newInstance(NativeConstructorAccessorImpl.java:62)
	at sun.reflect.DelegatingConstructorAccessorImpl.newInstance(DelegatingConstructorAccessorImpl.java:45)
	at java.lang.reflect.Constructor.newInstance(Constructor.java:423)
	at com.mysql.jdbc.Util.handleNewInstance(Util.java:411)
	at com.mysql.jdbc.ConnectionImpl.getInstance(ConnectionImpl.java:389)
	at com.mysql.jdbc.NonRegisteringDriver.connect(NonRegisteringDriver.java:305)
	at com.alibaba.druid.pool.DruidAbstractDataSource.createPhysicalConnection(DruidAbstractDataSource.java:1461)
	at com.alibaba.druid.pool.DruidAbstractDataSource.createPhysicalConnection(DruidAbstractDataSource.java:1525)
	at com.alibaba.druid.pool.DruidDataSource$CreateConnectionThread.run(DruidDataSource.java:2100)
